<?xml version="1.0" encoding="UTF-8"?>
<testsuites>
  <testsuite name="" tests="42" assertions="205" errors="0" warnings="0" failures="0" skipped="0" time="1.063279">
    <testsuite name="Feature" tests="42" assertions="205" errors="0" warnings="0" failures="0" skipped="0" time="1.063279">
      <testsuite name="Tests\Feature\BooksListTest" file="/home/zoli90/Downloads/tasks/tasks/a/example-app/tests/Feature/BookListTest.php" tests="7" assertions="100" errors="0" warnings="0" failures="0" skipped="0" time="0.597341">
        <testcase name="testResponseStructure" class="Tests\Feature\BooksListTest" classname="Tests.Feature.BooksListTest" file="/home/zoli90/Downloads/tasks/tasks/a/example-app/tests/Feature/BookListTest.php" line="14" assertions="76" time="0.383241"/>
        <testcase name="testListWithoutFilters" class="Tests\Feature\BooksListTest" classname="Tests.Feature.BooksListTest" file="/home/zoli90/Downloads/tasks/tasks/a/example-app/tests/Feature/BookListTest.php" line="72" assertions="2" time="0.041759"/>
        <testcase name="testTitleFilter" class="Tests\Feature\BooksListTest" classname="Tests.Feature.BooksListTest" file="/home/zoli90/Downloads/tasks/tasks/a/example-app/tests/Feature/BookListTest.php" line="92" assertions="4" time="0.016151"/>
        <testcase name="testAuthorsFilter" class="Tests\Feature\BooksListTest" classname="Tests.Feature.BooksListTest" file="/home/zoli90/Downloads/tasks/tasks/a/example-app/tests/Feature/BookListTest.php" line="109" assertions="6" time="0.028153"/>
        <testcase name="testTitleSort" class="Tests\Feature\BooksListTest" classname="Tests.Feature.BooksListTest" file="/home/zoli90/Downloads/tasks/tasks/a/example-app/tests/Feature/BookListTest.php" line="139" assertions="4" time="0.024159"/>
        <testcase name="testAvgReviewSort" class="Tests\Feature\BooksListTest" classname="Tests.Feature.BooksListTest" file="/home/zoli90/Downloads/tasks/tasks/a/example-app/tests/Feature/BookListTest.php" line="157" assertions="4" time="0.026025"/>
        <testcase name="testPagination" class="Tests\Feature\BooksListTest" classname="Tests.Feature.BooksListTest" file="/home/zoli90/Downloads/tasks/tasks/a/example-app/tests/Feature/BookListTest.php" line="189" assertions="4" time="0.077854"/>
      </testsuite>
      <testsuite name="Tests\Feature\BookPostTest" file="/home/zoli90/Downloads/tasks/tasks/a/example-app/tests/Feature/BookPostTest.php" tests="24" assertions="71" errors="0" warnings="0" failures="0" skipped="0" time="0.320285">
        <testcase name="testDenyGuestAccess" class="Tests\Feature\BookPostTest" classname="Tests.Feature.BookPostTest" file="/home/zoli90/Downloads/tasks/tasks/a/example-app/tests/Feature/BookPostTest.php" line="13" assertions="1" time="0.012169"/>
        <testcase name="testDenyNonAdminUserAccess" class="Tests\Feature\BookPostTest" classname="Tests.Feature.BookPostTest" file="/home/zoli90/Downloads/tasks/tasks/a/example-app/tests/Feature/BookPostTest.php" line="27" assertions="1" time="0.019718"/>
        <testcase name="testSuccessfulPost" class="Tests\Feature\BookPostTest" classname="Tests.Feature.BookPostTest" file="/home/zoli90/Downloads/tasks/tasks/a/example-app/tests/Feature/BookPostTest.php" line="44" assertions="6" time="0.035170"/>
        <testsuite name="Tests\Feature\BookPostTest::testValidation" tests="21" assertions="63" errors="0" warnings="0" failures="0" skipped="0" time="0.253228">
          <testcase name="testValidation with data set #0" class="Tests\Feature\BookPostTest" classname="Tests.Feature.BookPostTest" file="/home/zoli90/Downloads/tasks/tasks/a/example-app/tests/Feature/BookPostTest.php" line="72" assertions="3" time="0.014063"/>
          <testcase name="testValidation with data set #1" class="Tests\Feature\BookPostTest" classname="Tests.Feature.BookPostTest" file="/home/zoli90/Downloads/tasks/tasks/a/example-app/tests/Feature/BookPostTest.php" line="72" assertions="3" time="0.013241"/>
          <testcase name="testValidation with data set #2" class="Tests\Feature\BookPostTest" classname="Tests.Feature.BookPostTest" file="/home/zoli90/Downloads/tasks/tasks/a/example-app/tests/Feature/BookPostTest.php" line="72" assertions="3" time="0.012295"/>
          <testcase name="testValidation with data set #3" class="Tests\Feature\BookPostTest" classname="Tests.Feature.BookPostTest" file="/home/zoli90/Downloads/tasks/tasks/a/example-app/tests/Feature/BookPostTest.php" line="72" assertions="3" time="0.011801"/>
          <testcase name="testValidation with data set #4" class="Tests\Feature\BookPostTest" classname="Tests.Feature.BookPostTest" file="/home/zoli90/Downloads/tasks/tasks/a/example-app/tests/Feature/BookPostTest.php" line="72" assertions="3" time="0.011758"/>
          <testcase name="testValidation with data set #5" class="Tests\Feature\BookPostTest" classname="Tests.Feature.BookPostTest" file="/home/zoli90/Downloads/tasks/tasks/a/example-app/tests/Feature/BookPostTest.php" line="72" assertions="3" time="0.012162"/>
          <testcase name="testValidation with data set #6" class="Tests\Feature\BookPostTest" classname="Tests.Feature.BookPostTest" file="/home/zoli90/Downloads/tasks/tasks/a/example-app/tests/Feature/BookPostTest.php" line="72" assertions="3" time="0.011260"/>
          <testcase name="testValidation with data set #7" class="Tests\Feature\BookPostTest" classname="Tests.Feature.BookPostTest" file="/home/zoli90/Downloads/tasks/tasks/a/example-app/tests/Feature/BookPostTest.php" line="72" assertions="3" time="0.011044"/>
          <testcase name="testValidation with data set #8" class="Tests\Feature\BookPostTest" classname="Tests.Feature.BookPostTest" file="/home/zoli90/Downloads/tasks/tasks/a/example-app/tests/Feature/BookPostTest.php" line="72" assertions="3" time="0.011249"/>
          <testcase name="testValidation with data set #9" class="Tests\Feature\BookPostTest" classname="Tests.Feature.BookPostTest" file="/home/zoli90/Downloads/tasks/tasks/a/example-app/tests/Feature/BookPostTest.php" line="72" assertions="3" time="0.011601"/>
          <testcase name="testValidation with data set #10" class="Tests\Feature\BookPostTest" classname="Tests.Feature.BookPostTest" file="/home/zoli90/Downloads/tasks/tasks/a/example-app/tests/Feature/BookPostTest.php" line="72" assertions="3" time="0.012290"/>
          <testcase name="testValidation with data set #11" class="Tests\Feature\BookPostTest" classname="Tests.Feature.BookPostTest" file="/home/zoli90/Downloads/tasks/tasks/a/example-app/tests/Feature/BookPostTest.php" line="72" assertions="3" time="0.012292"/>
          <testcase name="testValidation with data set #12" class="Tests\Feature\BookPostTest" classname="Tests.Feature.BookPostTest" file="/home/zoli90/Downloads/tasks/tasks/a/example-app/tests/Feature/BookPostTest.php" line="72" assertions="3" time="0.012592"/>
          <testcase name="testValidation with data set #13" class="Tests\Feature\BookPostTest" classname="Tests.Feature.BookPostTest" file="/home/zoli90/Downloads/tasks/tasks/a/example-app/tests/Feature/BookPostTest.php" line="72" assertions="3" time="0.012671"/>
          <testcase name="testValidation with data set #14" class="Tests\Feature\BookPostTest" classname="Tests.Feature.BookPostTest" file="/home/zoli90/Downloads/tasks/tasks/a/example-app/tests/Feature/BookPostTest.php" line="72" assertions="3" time="0.012330"/>
          <testcase name="testValidation with data set #15" class="Tests\Feature\BookPostTest" classname="Tests.Feature.BookPostTest" file="/home/zoli90/Downloads/tasks/tasks/a/example-app/tests/Feature/BookPostTest.php" line="72" assertions="3" time="0.011027"/>
          <testcase name="testValidation with data set #16" class="Tests\Feature\BookPostTest" classname="Tests.Feature.BookPostTest" file="/home/zoli90/Downloads/tasks/tasks/a/example-app/tests/Feature/BookPostTest.php" line="72" assertions="3" time="0.011019"/>
          <testcase name="testValidation with data set #17" class="Tests\Feature\BookPostTest" classname="Tests.Feature.BookPostTest" file="/home/zoli90/Downloads/tasks/tasks/a/example-app/tests/Feature/BookPostTest.php" line="72" assertions="3" time="0.010761"/>
          <testcase name="testValidation with data set #18" class="Tests\Feature\BookPostTest" classname="Tests.Feature.BookPostTest" file="/home/zoli90/Downloads/tasks/tasks/a/example-app/tests/Feature/BookPostTest.php" line="72" assertions="3" time="0.016014"/>
          <testcase name="testValidation with data set #19" class="Tests\Feature\BookPostTest" classname="Tests.Feature.BookPostTest" file="/home/zoli90/Downloads/tasks/tasks/a/example-app/tests/Feature/BookPostTest.php" line="72" assertions="3" time="0.010750"/>
          <testcase name="testValidation with data set #20" class="Tests\Feature\BookPostTest" classname="Tests.Feature.BookPostTest" file="/home/zoli90/Downloads/tasks/tasks/a/example-app/tests/Feature/BookPostTest.php" line="72" assertions="3" time="0.011006"/>
        </testsuite>
      </testsuite>
      <testsuite name="Tests\Feature\BookReviewTest" file="/home/zoli90/Downloads/tasks/tasks/a/example-app/tests/Feature/BookReviewTest.php" tests="11" assertions="34" errors="0" warnings="0" failures="0" skipped="0" time="0.145653">
        <testcase name="testDenyGuestAccess" class="Tests\Feature\BookReviewTest" classname="Tests.Feature.BookReviewTest" file="/home/zoli90/Downloads/tasks/tasks/a/example-app/tests/Feature/BookReviewTest.php" line="14" assertions="1" time="0.011072"/>
        <testcase name="testSuccessfulPost" class="Tests\Feature\BookReviewTest" classname="Tests.Feature.BookReviewTest" file="/home/zoli90/Downloads/tasks/tasks/a/example-app/tests/Feature/BookReviewTest.php" line="26" assertions="6" time="0.028810"/>
        <testsuite name="Tests\Feature\BookReviewTest::testValidation" tests="9" assertions="27" errors="0" warnings="0" failures="0" skipped="0" time="0.105771">
          <testcase name="testValidation with data set #0" class="Tests\Feature\BookReviewTest" classname="Tests.Feature.BookReviewTest" file="/home/zoli90/Downloads/tasks/tasks/a/example-app/tests/Feature/BookReviewTest.php" line="64" assertions="3" time="0.015488"/>
          <testcase name="testValidation with data set #1" class="Tests\Feature\BookReviewTest" classname="Tests.Feature.BookReviewTest" file="/home/zoli90/Downloads/tasks/tasks/a/example-app/tests/Feature/BookReviewTest.php" line="64" assertions="3" time="0.012177"/>
          <testcase name="testValidation with data set #2" class="Tests\Feature\BookReviewTest" classname="Tests.Feature.BookReviewTest" file="/home/zoli90/Downloads/tasks/tasks/a/example-app/tests/Feature/BookReviewTest.php" line="64" assertions="3" time="0.011770"/>
          <testcase name="testValidation with data set #3" class="Tests\Feature\BookReviewTest" classname="Tests.Feature.BookReviewTest" file="/home/zoli90/Downloads/tasks/tasks/a/example-app/tests/Feature/BookReviewTest.php" line="64" assertions="3" time="0.011373"/>
          <testcase name="testValidation with data set #4" class="Tests\Feature\BookReviewTest" classname="Tests.Feature.BookReviewTest" file="/home/zoli90/Downloads/tasks/tasks/a/example-app/tests/Feature/BookReviewTest.php" line="64" assertions="3" time="0.011438"/>
          <testcase name="testValidation with data set #5" class="Tests\Feature\BookReviewTest" classname="Tests.Feature.BookReviewTest" file="/home/zoli90/Downloads/tasks/tasks/a/example-app/tests/Feature/BookReviewTest.php" line="64" assertions="3" time="0.010773"/>
          <testcase name="testValidation with data set #6" class="Tests\Feature\BookReviewTest" classname="Tests.Feature.BookReviewTest" file="/home/zoli90/Downloads/tasks/tasks/a/example-app/tests/Feature/BookReviewTest.php" line="64" assertions="3" time="0.010301"/>
          <testcase name="testValidation with data set #7" class="Tests\Feature\BookReviewTest" classname="Tests.Feature.BookReviewTest" file="/home/zoli90/Downloads/tasks/tasks/a/example-app/tests/Feature/BookReviewTest.php" line="64" assertions="3" time="0.010964"/>
          <testcase name="testValidation with data set #8" class="Tests\Feature\BookReviewTest" classname="Tests.Feature.BookReviewTest" file="/home/zoli90/Downloads/tasks/tasks/a/example-app/tests/Feature/BookReviewTest.php" line="64" assertions="3" time="0.011487"/>
        </testsuite>
      </testsuite>
    </testsuite>
  </testsuite>
</testsuites>
