<?xml version="1.0" encoding="UTF-8"?>
<testsuites>
  <testsuite name="" tests="42" assertions="205" errors="0" warnings="0" failures="0" skipped="0" time="1.061837">
    <testsuite name="Feature" tests="42" assertions="205" errors="0" warnings="0" failures="0" skipped="0" time="1.061837">
      <testsuite name="Tests\Feature\BooksListTest" file="/home/zoli90/Downloads/tasks/tasks/a/example-app/tests/Feature/BookListTest.php" tests="7" assertions="100" errors="0" warnings="0" failures="0" skipped="0" time="0.604438">
        <testcase name="testResponseStructure" class="Tests\Feature\BooksListTest" classname="Tests.Feature.BooksListTest" file="/home/zoli90/Downloads/tasks/tasks/a/example-app/tests/Feature/BookListTest.php" line="14" assertions="76" time="0.381475"/>
        <testcase name="testListWithoutFilters" class="Tests\Feature\BooksListTest" classname="Tests.Feature.BooksListTest" file="/home/zoli90/Downloads/tasks/tasks/a/example-app/tests/Feature/BookListTest.php" line="72" assertions="2" time="0.045422"/>
        <testcase name="testTitleFilter" class="Tests\Feature\BooksListTest" classname="Tests.Feature.BooksListTest" file="/home/zoli90/Downloads/tasks/tasks/a/example-app/tests/Feature/BookListTest.php" line="92" assertions="4" time="0.017869"/>
        <testcase name="testAuthorsFilter" class="Tests\Feature\BooksListTest" classname="Tests.Feature.BooksListTest" file="/home/zoli90/Downloads/tasks/tasks/a/example-app/tests/Feature/BookListTest.php" line="109" assertions="6" time="0.029359"/>
        <testcase name="testTitleSort" class="Tests\Feature\BooksListTest" classname="Tests.Feature.BooksListTest" file="/home/zoli90/Downloads/tasks/tasks/a/example-app/tests/Feature/BookListTest.php" line="139" assertions="4" time="0.022211"/>
        <testcase name="testAvgReviewSort" class="Tests\Feature\BooksListTest" classname="Tests.Feature.BooksListTest" file="/home/zoli90/Downloads/tasks/tasks/a/example-app/tests/Feature/BookListTest.php" line="157" assertions="4" time="0.027546"/>
        <testcase name="testPagination" class="Tests\Feature\BooksListTest" classname="Tests.Feature.BooksListTest" file="/home/zoli90/Downloads/tasks/tasks/a/example-app/tests/Feature/BookListTest.php" line="189" assertions="4" time="0.080556"/>
      </testsuite>
      <testsuite name="Tests\Feature\BookPostTest" file="/home/zoli90/Downloads/tasks/tasks/a/example-app/tests/Feature/BookPostTest.php" tests="24" assertions="71" errors="0" warnings="0" failures="0" skipped="0" time="0.314772">
        <testcase name="testDenyGuestAccess" class="Tests\Feature\BookPostTest" classname="Tests.Feature.BookPostTest" file="/home/zoli90/Downloads/tasks/tasks/a/example-app/tests/Feature/BookPostTest.php" line="13" assertions="1" time="0.011854"/>
        <testcase name="testDenyNonAdminUserAccess" class="Tests\Feature\BookPostTest" classname="Tests.Feature.BookPostTest" file="/home/zoli90/Downloads/tasks/tasks/a/example-app/tests/Feature/BookPostTest.php" line="27" assertions="1" time="0.012166"/>
        <testcase name="testSuccessfulPost" class="Tests\Feature\BookPostTest" classname="Tests.Feature.BookPostTest" file="/home/zoli90/Downloads/tasks/tasks/a/example-app/tests/Feature/BookPostTest.php" line="44" assertions="6" time="0.027610"/>
        <testsuite name="Tests\Feature\BookPostTest::testValidation" tests="21" assertions="63" errors="0" warnings="0" failures="0" skipped="0" time="0.263141">
          <testcase name="testValidation with data set #0" class="Tests\Feature\BookPostTest" classname="Tests.Feature.BookPostTest" file="/home/zoli90/Downloads/tasks/tasks/a/example-app/tests/Feature/BookPostTest.php" line="72" assertions="3" time="0.015531"/>
          <testcase name="testValidation with data set #1" class="Tests\Feature\BookPostTest" classname="Tests.Feature.BookPostTest" file="/home/zoli90/Downloads/tasks/tasks/a/example-app/tests/Feature/BookPostTest.php" line="72" assertions="3" time="0.013845"/>
          <testcase name="testValidation with data set #2" class="Tests\Feature\BookPostTest" classname="Tests.Feature.BookPostTest" file="/home/zoli90/Downloads/tasks/tasks/a/example-app/tests/Feature/BookPostTest.php" line="72" assertions="3" time="0.012522"/>
          <testcase name="testValidation with data set #3" class="Tests\Feature\BookPostTest" classname="Tests.Feature.BookPostTest" file="/home/zoli90/Downloads/tasks/tasks/a/example-app/tests/Feature/BookPostTest.php" line="72" assertions="3" time="0.012706"/>
          <testcase name="testValidation with data set #4" class="Tests\Feature\BookPostTest" classname="Tests.Feature.BookPostTest" file="/home/zoli90/Downloads/tasks/tasks/a/example-app/tests/Feature/BookPostTest.php" line="72" assertions="3" time="0.012429"/>
          <testcase name="testValidation with data set #5" class="Tests\Feature\BookPostTest" classname="Tests.Feature.BookPostTest" file="/home/zoli90/Downloads/tasks/tasks/a/example-app/tests/Feature/BookPostTest.php" line="72" assertions="3" time="0.011788"/>
          <testcase name="testValidation with data set #6" class="Tests\Feature\BookPostTest" classname="Tests.Feature.BookPostTest" file="/home/zoli90/Downloads/tasks/tasks/a/example-app/tests/Feature/BookPostTest.php" line="72" assertions="3" time="0.011397"/>
          <testcase name="testValidation with data set #7" class="Tests\Feature\BookPostTest" classname="Tests.Feature.BookPostTest" file="/home/zoli90/Downloads/tasks/tasks/a/example-app/tests/Feature/BookPostTest.php" line="72" assertions="3" time="0.011600"/>
          <testcase name="testValidation with data set #8" class="Tests\Feature\BookPostTest" classname="Tests.Feature.BookPostTest" file="/home/zoli90/Downloads/tasks/tasks/a/example-app/tests/Feature/BookPostTest.php" line="72" assertions="3" time="0.012608"/>
          <testcase name="testValidation with data set #9" class="Tests\Feature\BookPostTest" classname="Tests.Feature.BookPostTest" file="/home/zoli90/Downloads/tasks/tasks/a/example-app/tests/Feature/BookPostTest.php" line="72" assertions="3" time="0.014502"/>
          <testcase name="testValidation with data set #10" class="Tests\Feature\BookPostTest" classname="Tests.Feature.BookPostTest" file="/home/zoli90/Downloads/tasks/tasks/a/example-app/tests/Feature/BookPostTest.php" line="72" assertions="3" time="0.013401"/>
          <testcase name="testValidation with data set #11" class="Tests\Feature\BookPostTest" classname="Tests.Feature.BookPostTest" file="/home/zoli90/Downloads/tasks/tasks/a/example-app/tests/Feature/BookPostTest.php" line="72" assertions="3" time="0.012905"/>
          <testcase name="testValidation with data set #12" class="Tests\Feature\BookPostTest" classname="Tests.Feature.BookPostTest" file="/home/zoli90/Downloads/tasks/tasks/a/example-app/tests/Feature/BookPostTest.php" line="72" assertions="3" time="0.012302"/>
          <testcase name="testValidation with data set #13" class="Tests\Feature\BookPostTest" classname="Tests.Feature.BookPostTest" file="/home/zoli90/Downloads/tasks/tasks/a/example-app/tests/Feature/BookPostTest.php" line="72" assertions="3" time="0.011955"/>
          <testcase name="testValidation with data set #14" class="Tests\Feature\BookPostTest" classname="Tests.Feature.BookPostTest" file="/home/zoli90/Downloads/tasks/tasks/a/example-app/tests/Feature/BookPostTest.php" line="72" assertions="3" time="0.012096"/>
          <testcase name="testValidation with data set #15" class="Tests\Feature\BookPostTest" classname="Tests.Feature.BookPostTest" file="/home/zoli90/Downloads/tasks/tasks/a/example-app/tests/Feature/BookPostTest.php" line="72" assertions="3" time="0.011416"/>
          <testcase name="testValidation with data set #16" class="Tests\Feature\BookPostTest" classname="Tests.Feature.BookPostTest" file="/home/zoli90/Downloads/tasks/tasks/a/example-app/tests/Feature/BookPostTest.php" line="72" assertions="3" time="0.011075"/>
          <testcase name="testValidation with data set #17" class="Tests\Feature\BookPostTest" classname="Tests.Feature.BookPostTest" file="/home/zoli90/Downloads/tasks/tasks/a/example-app/tests/Feature/BookPostTest.php" line="72" assertions="3" time="0.010872"/>
          <testcase name="testValidation with data set #18" class="Tests\Feature\BookPostTest" classname="Tests.Feature.BookPostTest" file="/home/zoli90/Downloads/tasks/tasks/a/example-app/tests/Feature/BookPostTest.php" line="72" assertions="3" time="0.016163"/>
          <testcase name="testValidation with data set #19" class="Tests\Feature\BookPostTest" classname="Tests.Feature.BookPostTest" file="/home/zoli90/Downloads/tasks/tasks/a/example-app/tests/Feature/BookPostTest.php" line="72" assertions="3" time="0.010821"/>
          <testcase name="testValidation with data set #20" class="Tests\Feature\BookPostTest" classname="Tests.Feature.BookPostTest" file="/home/zoli90/Downloads/tasks/tasks/a/example-app/tests/Feature/BookPostTest.php" line="72" assertions="3" time="0.011207"/>
        </testsuite>
      </testsuite>
      <testsuite name="Tests\Feature\BookReviewTest" file="/home/zoli90/Downloads/tasks/tasks/a/example-app/tests/Feature/BookReviewTest.php" tests="11" assertions="34" errors="0" warnings="0" failures="0" skipped="0" time="0.142626">
        <testcase name="testDenyGuestAccess" class="Tests\Feature\BookReviewTest" classname="Tests.Feature.BookReviewTest" file="/home/zoli90/Downloads/tasks/tasks/a/example-app/tests/Feature/BookReviewTest.php" line="14" assertions="1" time="0.010028"/>
        <testcase name="testSuccessfulPost" class="Tests\Feature\BookReviewTest" classname="Tests.Feature.BookReviewTest" file="/home/zoli90/Downloads/tasks/tasks/a/example-app/tests/Feature/BookReviewTest.php" line="26" assertions="6" time="0.025842"/>
        <testsuite name="Tests\Feature\BookReviewTest::testValidation" tests="9" assertions="27" errors="0" warnings="0" failures="0" skipped="0" time="0.106756">
          <testcase name="testValidation with data set #0" class="Tests\Feature\BookReviewTest" classname="Tests.Feature.BookReviewTest" file="/home/zoli90/Downloads/tasks/tasks/a/example-app/tests/Feature/BookReviewTest.php" line="64" assertions="3" time="0.016584"/>
          <testcase name="testValidation with data set #1" class="Tests\Feature\BookReviewTest" classname="Tests.Feature.BookReviewTest" file="/home/zoli90/Downloads/tasks/tasks/a/example-app/tests/Feature/BookReviewTest.php" line="64" assertions="3" time="0.013178"/>
          <testcase name="testValidation with data set #2" class="Tests\Feature\BookReviewTest" classname="Tests.Feature.BookReviewTest" file="/home/zoli90/Downloads/tasks/tasks/a/example-app/tests/Feature/BookReviewTest.php" line="64" assertions="3" time="0.011306"/>
          <testcase name="testValidation with data set #3" class="Tests\Feature\BookReviewTest" classname="Tests.Feature.BookReviewTest" file="/home/zoli90/Downloads/tasks/tasks/a/example-app/tests/Feature/BookReviewTest.php" line="64" assertions="3" time="0.011486"/>
          <testcase name="testValidation with data set #4" class="Tests\Feature\BookReviewTest" classname="Tests.Feature.BookReviewTest" file="/home/zoli90/Downloads/tasks/tasks/a/example-app/tests/Feature/BookReviewTest.php" line="64" assertions="3" time="0.011547"/>
          <testcase name="testValidation with data set #5" class="Tests\Feature\BookReviewTest" classname="Tests.Feature.BookReviewTest" file="/home/zoli90/Downloads/tasks/tasks/a/example-app/tests/Feature/BookReviewTest.php" line="64" assertions="3" time="0.010429"/>
          <testcase name="testValidation with data set #6" class="Tests\Feature\BookReviewTest" classname="Tests.Feature.BookReviewTest" file="/home/zoli90/Downloads/tasks/tasks/a/example-app/tests/Feature/BookReviewTest.php" line="64" assertions="3" time="0.010532"/>
          <testcase name="testValidation with data set #7" class="Tests\Feature\BookReviewTest" classname="Tests.Feature.BookReviewTest" file="/home/zoli90/Downloads/tasks/tasks/a/example-app/tests/Feature/BookReviewTest.php" line="64" assertions="3" time="0.010996"/>
          <testcase name="testValidation with data set #8" class="Tests\Feature\BookReviewTest" classname="Tests.Feature.BookReviewTest" file="/home/zoli90/Downloads/tasks/tasks/a/example-app/tests/Feature/BookReviewTest.php" line="64" assertions="3" time="0.010697"/>
        </testsuite>
      </testsuite>
    </testsuite>
  </testsuite>
</testsuites>
