<?xml version="1.0" encoding="UTF-8"?>
<testsuites>
  <testsuite name="" tests="42" assertions="174" errors="2" warnings="0" failures="10" skipped="0" time="1.132715">
    <testsuite name="Feature" tests="42" assertions="174" errors="2" warnings="0" failures="10" skipped="0" time="1.132715">
      <testsuite name="Tests\Feature\BooksListTest" file="/home/zoli90/Downloads/tasks/tasks/a/example-app/tests/Feature/BookListTest.php" tests="7" assertions="81" errors="0" warnings="0" failures="6" skipped="0" time="0.651770">
        <testcase name="testResponseStructure" class="Tests\Feature\BooksListTest" classname="Tests.Feature.BooksListTest" file="/home/zoli90/Downloads/tasks/tasks/a/example-app/tests/Feature/BookListTest.php" line="14" assertions="65" time="0.482827">
          <failure type="PHPUnit\Framework\ExpectationFailedException">Tests\Feature\BooksListTest::testResponseStructure
Failed asserting that an array has the key 'first'.

/home/zoli90/Downloads/tasks/tasks/a/example-app/vendor/laravel/framework/src/Illuminate/Testing/AssertableJsonString.php:256
/home/zoli90/Downloads/tasks/tasks/a/example-app/vendor/laravel/framework/src/Illuminate/Testing/AssertableJsonString.php:254
/home/zoli90/Downloads/tasks/tasks/a/example-app/vendor/laravel/framework/src/Illuminate/Testing/TestResponse.php:798
/home/zoli90/Downloads/tasks/tasks/a/example-app/tests/Feature/BookListTest.php:37</failure>
        </testcase>
        <testcase name="testListWithoutFilters" class="Tests\Feature\BooksListTest" classname="Tests.Feature.BooksListTest" file="/home/zoli90/Downloads/tasks/tasks/a/example-app/tests/Feature/BookListTest.php" line="72" assertions="2" time="0.046456">
          <failure type="PHPUnit\Framework\ExpectationFailedException">Tests\Feature\BooksListTest::testListWithoutFilters
Unable to find JSON: 
  
  [{
      "data": [
          {
              "id": 6,
              "isbn": "9787922162702",
              "title": "Eum tenetur nostrum distinctio totam non.",
              "description": "Voluptatum deleniti veniam consequatur qui et dolor. Esse nulla molestiae minus aut. Ipsa ut sapiente deleniti itaque dolore est sed.",
              "authors": [
                  {
                      "id": 6,
                      "name": "Jovan Schamberger",
                      "surname": "Schamberger"
                  }
              ],
              "review": {
                  "avg": 4,
                  "count": 3
              }
          },
          {
              "id": 7,
              "isbn": "9796520452337",
              "title": "Sit qui eligendi ex quod.",
              "description": "Vel iusto dolorem totam. Voluptas voluptatum exercitationem nobis debitis mollitia praesentium sint. Ipsa excepturi voluptatibus voluptas quaerat.",
              "authors": [
                  {
                      "id": 7,
                      "name": "Dolores O'Conner",
                      "surname": "Watsica"
                  }
              ],
              "review": {
                  "avg": 3,
                  "count": 3
              }
          },
          {
              "id": 8,
              "isbn": "9784054671348",
              "title": "Eum veniam tempora aut debitis totam incidunt voluptatem dolore.",
              "description": "Sint ut tenetur eaque. Perspiciatis sit eius et deserunt sed ab. Qui vitae nostrum ea aut veniam perferendis. Nihil libero et maiores.",
              "authors": [
                  {
                      "id": 8,
                      "name": "Erich Murazik",
                      "surname": "Hagenes"
                  }
              ],
              "review": {
                  "avg": 6,
                  "count": 3
              }
          },
          {
              "id": 9,
              "isbn": "9799559596720",
              "title": "Accusamus vel maxime occaecati.",
              "description": "Debitis natus ut provident quidem alias ad soluta. Voluptas et cumque odio quasi voluptas labore excepturi. Beatae velit reprehenderit ab. Voluptates eligendi et facere.",
              "authors": [
                  {
                      "id": 9,
                      "name": "Murray Glover",
                      "surname": "Hills"
                  }
              ],
              "review": {
                  "avg": 6,
                  "count": 3
              }
          },
          {
              "id": 10,
              "isbn": "9798368260723",
              "title": "Quae ducimus voluptatem itaque ut.",
              "description": "Est odit ex itaque quis autem. Vero aliquam officia nesciunt facilis quia optio nobis sed. Est et ut odit.",
              "authors": [
                  {
                      "id": 10,
                      "name": "David Feeney",
                      "surname": "Littel"
                  }
              ],
              "review": {
                  "avg": 5,
                  "count": 3
              }
          }
      ]
  }]
  
  within response JSON:
  
  [{
      "data": [
          {
              "id": 6,
              "isbn": "9787922162702",
              "title": "Eum tenetur nostrum distinctio totam non.",
              "description": "Voluptatum deleniti veniam consequatur qui et dolor. Esse nulla molestiae minus aut. Ipsa ut sapiente deleniti itaque dolore est sed.",
              "authors": [
                  {
                      "id": 6,
                      "name": "Jovan Schamberger",
                      "surname": "Schamberger"
                  }
              ],
              "review": {
                  "avg": 4.33,
                  "count": 3
              }
          },
          {
              "id": 7,
              "isbn": "9796520452337",
              "title": "Sit qui eligendi ex quod.",
              "description": "Vel iusto dolorem totam. Voluptas voluptatum exercitationem nobis debitis mollitia praesentium sint. Ipsa excepturi voluptatibus voluptas quaerat.",
              "authors": [
                  {
                      "id": 7,
                      "name": "Dolores O'Conner",
                      "surname": "Watsica"
                  }
              ],
              "review": {
                  "avg": 3,
                  "count": 3
              }
          },
          {
              "id": 8,
              "isbn": "9784054671348",
              "title": "Eum veniam tempora aut debitis totam incidunt voluptatem dolore.",
              "description": "Sint ut tenetur eaque. Perspiciatis sit eius et deserunt sed ab. Qui vitae nostrum ea aut veniam perferendis. Nihil libero et maiores.",
              "authors": [
                  {
                      "id": 8,
                      "name": "Erich Murazik",
                      "surname": "Hagenes"
                  }
              ],
              "review": {
                  "avg": 6,
                  "count": 3
              }
          },
          {
              "id": 9,
              "isbn": "9799559596720",
              "title": "Accusamus vel maxime occaecati.",
              "description": "Debitis natus ut provident quidem alias ad soluta. Voluptas et cumque odio quasi voluptas labore excepturi. Beatae velit reprehenderit ab. Voluptates eligendi et facere.",
              "authors": [
                  {
                      "id": 9,
                      "name": "Murray Glover",
                      "surname": "Hills"
                  }
              ],
              "review": {
                  "avg": 6,
                  "count": 3
              }
          },
          {
              "id": 10,
              "isbn": "9798368260723",
              "title": "Quae ducimus voluptatem itaque ut.",
              "description": "Est odit ex itaque quis autem. Vero aliquam officia nesciunt facilis quia optio nobis sed. Est et ut odit.",
              "authors": [
                  {
                      "id": 10,
                      "name": "David Feeney",
                      "surname": "Littel"
                  }
              ],
              "review": {
                  "avg": 5.33,
                  "count": 3
              }
          }
      ],
      "links": null
  }].
  
  
  Failed asserting that an array has the subset Array &amp;0 (
      'data' =&gt; Array &amp;1 (
          0 =&gt; Array &amp;2 (
              'id' =&gt; 6
              'isbn' =&gt; '9787922162702'
              'title' =&gt; 'Eum tenetur nostrum distinctio totam non.'
              'description' =&gt; 'Voluptatum deleniti veniam consequatur qui et dolor. Esse nulla molestiae minus aut. Ipsa ut sapiente deleniti itaque dolore est sed.'
              'authors' =&gt; Array &amp;3 (
                  0 =&gt; Array &amp;4 (
                      'id' =&gt; 6
                      'name' =&gt; 'Jovan Schamberger'
                      'surname' =&gt; 'Schamberger'
                  )
              )
              'review' =&gt; Array &amp;5 (
                  'avg' =&gt; 4
                  'count' =&gt; 3
              )
          )
          1 =&gt; Array &amp;6 (
              'id' =&gt; 7
              'isbn' =&gt; '9796520452337'
              'title' =&gt; 'Sit qui eligendi ex quod.'
              'description' =&gt; 'Vel iusto dolorem totam. Voluptas voluptatum exercitationem nobis debitis mollitia praesentium sint. Ipsa excepturi voluptatibus voluptas quaerat.'
              'authors' =&gt; Array &amp;7 (
                  0 =&gt; Array &amp;8 (
                      'id' =&gt; 7
                      'name' =&gt; 'Dolores O'Conner'
                      'surname' =&gt; 'Watsica'
                  )
              )
              'review' =&gt; Array &amp;9 (
                  'avg' =&gt; 3
                  'count' =&gt; 3
              )
          )
          2 =&gt; Array &amp;10 (
              'id' =&gt; 8
              'isbn' =&gt; '9784054671348'
              'title' =&gt; 'Eum veniam tempora aut debitis totam incidunt voluptatem dolore.'
              'description' =&gt; 'Sint ut tenetur eaque. Perspiciatis sit eius et deserunt sed ab. Qui vitae nostrum ea aut veniam perferendis. Nihil libero et maiores.'
              'authors' =&gt; Array &amp;11 (
                  0 =&gt; Array &amp;12 (
                      'id' =&gt; 8
                      'name' =&gt; 'Erich Murazik'
                      'surname' =&gt; 'Hagenes'
                  )
              )
              'review' =&gt; Array &amp;13 (
                  'avg' =&gt; 6
                  'count' =&gt; 3
              )
          )
          3 =&gt; Array &amp;14 (
              'id' =&gt; 9
              'isbn' =&gt; '9799559596720'
              'title' =&gt; 'Accusamus vel maxime occaecati.'
              'description' =&gt; 'Debitis natus ut provident quidem alias ad soluta. Voluptas et cumque odio quasi voluptas labore excepturi. Beatae velit reprehenderit ab. Voluptates eligendi et facere.'
              'authors' =&gt; Array &amp;15 (
                  0 =&gt; Array &amp;16 (
                      'id' =&gt; 9
                      'name' =&gt; 'Murray Glover'
                      'surname' =&gt; 'Hills'
                  )
              )
              'review' =&gt; Array &amp;17 (
                  'avg' =&gt; 6
                  'count' =&gt; 3
              )
          )
          4 =&gt; Array &amp;18 (
              'id' =&gt; 10
              'isbn' =&gt; '9798368260723'
              'title' =&gt; 'Quae ducimus voluptatem itaque ut.'
              'description' =&gt; 'Est odit ex itaque quis autem. Vero aliquam officia nesciunt facilis quia optio nobis sed. Est et ut odit.'
              'authors' =&gt; Array &amp;19 (
                  0 =&gt; Array &amp;20 (
                      'id' =&gt; 10
                      'name' =&gt; 'David Feeney'
                      'surname' =&gt; 'Littel'
                  )
              )
              'review' =&gt; Array &amp;21 (
                  'avg' =&gt; 5
                  'count' =&gt; 3
              )
          )
      )
  ).
--- Expected
+++ Actual
@@ @@
       ),
       'review' =&gt; 
       array (
-        'avg' =&gt; 4,
+        'avg' =&gt; 4.33,
         'count' =&gt; 3,
       ),
     ),
@@ @@
       ),
       'review' =&gt; 
       array (
-        'avg' =&gt; 5,
+        'avg' =&gt; 5.33,
         'count' =&gt; 3,
       ),
     ),

/home/zoli90/Downloads/tasks/tasks/a/example-app/vendor/laravel/framework/src/Illuminate/Testing/Constraints/ArraySubset.php:85
/home/zoli90/Downloads/tasks/tasks/a/example-app/vendor/laravel/framework/src/Illuminate/Testing/Assert.php:40
/home/zoli90/Downloads/tasks/tasks/a/example-app/vendor/laravel/framework/src/Illuminate/Testing/AssertableJsonString.php:273
/home/zoli90/Downloads/tasks/tasks/a/example-app/vendor/laravel/framework/src/Illuminate/Testing/TestResponse.php:695
/home/zoli90/Downloads/tasks/tasks/a/example-app/tests/Feature/BookListTest.php:209
/home/zoli90/Downloads/tasks/tasks/a/example-app/tests/Feature/BookListTest.php:89</failure>
        </testcase>
        <testcase name="testTitleFilter" class="Tests\Feature\BooksListTest" classname="Tests.Feature.BooksListTest" file="/home/zoli90/Downloads/tasks/tasks/a/example-app/tests/Feature/BookListTest.php" line="92" assertions="4" time="0.019568"/>
        <testcase name="testAuthorsFilter" class="Tests\Feature\BooksListTest" classname="Tests.Feature.BooksListTest" file="/home/zoli90/Downloads/tasks/tasks/a/example-app/tests/Feature/BookListTest.php" line="109" assertions="4" time="0.024868">
          <failure type="PHPUnit\Framework\ExpectationFailedException">Tests\Feature\BooksListTest::testAuthorsFilter
Unable to find JSON: 
  
  [{
      "data": [
          {
              "id": 14,
              "isbn": "9783679656488",
              "title": "PHP for begginers",
              "description": "Dolore ducimus placeat natus eius enim aut aut. Ipsa tempora et iure nostrum quia. Magni ad sint accusamus voluptatem voluptatem rerum explicabo.",
              "authors": [
                  {
                      "id": 11,
                      "name": "Garett Kuhic",
                      "surname": "Keeling"
                  },
                  {
                      "id": 12,
                      "name": "Mr. Tanner Harris V",
                      "surname": "Mitchell"
                  }
              ],
              "review": {
                  "avg": 0,
                  "count": 0
              }
          },
          {
              "id": 16,
              "isbn": "9783035292879",
              "title": "Advanced Python",
              "description": "Placeat iusto amet earum. Quibusdam molestiae quo nemo itaque. Impedit aut voluptates consectetur ut. Amet qui tempora omnis harum voluptate perferendis consequatur repellat.",
              "authors": [
                  {
                      "id": 12,
                      "name": "Mr. Tanner Harris V",
                      "surname": "Mitchell"
                  }
              ],
              "review": {
                  "avg": 0,
                  "count": 0
              }
          }
      ]
  }]
  
  within response JSON:
  
  [{
      "data": [
          {
              "id": 14,
              "isbn": "9783679656488",
              "title": "PHP for begginers",
              "description": "Dolore ducimus placeat natus eius enim aut aut. Ipsa tempora et iure nostrum quia. Magni ad sint accusamus voluptatem voluptatem rerum explicabo.",
              "authors": [
                  {
                      "id": 11,
                      "name": "Garett Kuhic",
                      "surname": "Keeling"
                  },
                  {
                      "id": 12,
                      "name": "Mr. Tanner Harris V",
                      "surname": "Mitchell"
                  }
              ],
              "review": {
                  "avg": 0,
                  "count": 0
              }
          },
          {
              "id": 15,
              "isbn": "9791231194972",
              "title": "Javascript for dummies",
              "description": "Qui eum tempore at quis quaerat. Pariatur deleniti incidunt sed ut accusamus ea voluptates. Consequatur nemo accusamus suscipit quidem asperiores totam.",
              "authors": [
                  {
                      "id": 11,
                      "name": "Garett Kuhic",
                      "surname": "Keeling"
                  }
              ],
              "review": {
                  "avg": 0,
                  "count": 0
              }
          },
          {
              "id": 16,
              "isbn": "9783035292879",
              "title": "Advanced Python",
              "description": "Placeat iusto amet earum. Quibusdam molestiae quo nemo itaque. Impedit aut voluptates consectetur ut. Amet qui tempora omnis harum voluptate perferendis consequatur repellat.",
              "authors": [
                  {
                      "id": 12,
                      "name": "Mr. Tanner Harris V",
                      "surname": "Mitchell"
                  }
              ],
              "review": {
                  "avg": 0,
                  "count": 0
              }
          }
      ],
      "links": null
  }].
  
  
  Failed asserting that an array has the subset Array &amp;0 (
      'data' =&gt; Array &amp;1 (
          0 =&gt; Array &amp;2 (
              'id' =&gt; 14
              'isbn' =&gt; '9783679656488'
              'title' =&gt; 'PHP for begginers'
              'description' =&gt; 'Dolore ducimus placeat natus eius enim aut aut. Ipsa tempora et iure nostrum quia. Magni ad sint accusamus voluptatem voluptatem rerum explicabo.'
              'authors' =&gt; Array &amp;3 (
                  0 =&gt; Array &amp;4 (
                      'id' =&gt; 11
                      'name' =&gt; 'Garett Kuhic'
                      'surname' =&gt; 'Keeling'
                  )
                  1 =&gt; Array &amp;5 (
                      'id' =&gt; 12
                      'name' =&gt; 'Mr. Tanner Harris V'
                      'surname' =&gt; 'Mitchell'
                  )
              )
              'review' =&gt; Array &amp;6 (
                  'avg' =&gt; 0
                  'count' =&gt; 0
              )
          )
          1 =&gt; Array &amp;7 (
              'id' =&gt; 16
              'isbn' =&gt; '9783035292879'
              'title' =&gt; 'Advanced Python'
              'description' =&gt; 'Placeat iusto amet earum. Quibusdam molestiae quo nemo itaque. Impedit aut voluptates consectetur ut. Amet qui tempora omnis harum voluptate perferendis consequatur repellat.'
              'authors' =&gt; Array &amp;8 (
                  0 =&gt; Array &amp;9 (
                      'id' =&gt; 12
                      'name' =&gt; 'Mr. Tanner Harris V'
                      'surname' =&gt; 'Mitchell'
                  )
              )
              'review' =&gt; Array &amp;10 (
                  'avg' =&gt; 0
                  'count' =&gt; 0
              )
          )
      )
  ).
--- Expected
+++ Actual
@@ @@
     ),
     1 =&gt; 
     array (
-      'id' =&gt; 16,
-      'isbn' =&gt; '9783035292879',
-      'title' =&gt; 'Advanced Python',
-      'description' =&gt; 'Placeat iusto amet earum. Quibusdam molestiae quo nemo itaque. Impedit aut voluptates consectetur ut. Amet qui tempora omnis harum voluptate perferendis consequatur repellat.',
+      'id' =&gt; 15,
+      'isbn' =&gt; '9791231194972',
+      'title' =&gt; 'Javascript for dummies',
+      'description' =&gt; 'Qui eum tempore at quis quaerat. Pariatur deleniti incidunt sed ut accusamus ea voluptates. Consequatur nemo accusamus suscipit quidem asperiores totam.',
       'authors' =&gt; 
       array (
         0 =&gt; 
         array (
-          'id' =&gt; 12,
-          'name' =&gt; 'Mr. Tanner Harris V',
-          'surname' =&gt; 'Mitchell',
+          'id' =&gt; 11,
+          'name' =&gt; 'Garett Kuhic',
+          'surname' =&gt; 'Keeling',
         ),
       ),
       'review' =&gt;

/home/zoli90/Downloads/tasks/tasks/a/example-app/vendor/laravel/framework/src/Illuminate/Testing/Constraints/ArraySubset.php:85
/home/zoli90/Downloads/tasks/tasks/a/example-app/vendor/laravel/framework/src/Illuminate/Testing/Assert.php:40
/home/zoli90/Downloads/tasks/tasks/a/example-app/vendor/laravel/framework/src/Illuminate/Testing/AssertableJsonString.php:273
/home/zoli90/Downloads/tasks/tasks/a/example-app/vendor/laravel/framework/src/Illuminate/Testing/TestResponse.php:695
/home/zoli90/Downloads/tasks/tasks/a/example-app/tests/Feature/BookListTest.php:209
/home/zoli90/Downloads/tasks/tasks/a/example-app/tests/Feature/BookListTest.php:131</failure>
        </testcase>
        <testcase name="testTitleSort" class="Tests\Feature\BooksListTest" classname="Tests.Feature.BooksListTest" file="/home/zoli90/Downloads/tasks/tasks/a/example-app/tests/Feature/BookListTest.php" line="139" assertions="2" time="0.017783">
          <failure type="PHPUnit\Framework\ExpectationFailedException">Tests\Feature\BooksListTest::testTitleSort
Unable to find JSON: 
  
  [{
      "data": [
          {
              "id": 19,
              "isbn": "9790912939536",
              "title": "Advanced Python",
              "description": "Magni ad adipisci non placeat quo non qui. Qui incidunt tempora aut. Voluptas atque quia labore distinctio alias eum non.",
              "authors": [],
              "review": {
                  "avg": 0,
                  "count": 0
              }
          },
          {
              "id": 18,
              "isbn": "9787933746922",
              "title": "Javascript for dummies",
              "description": "A vitae eveniet natus. Eaque ut maxime non optio. Illum quo dolor mollitia dolor sit. Vel fugiat aut et aut.",
              "authors": [],
              "review": {
                  "avg": 0,
                  "count": 0
              }
          },
          {
              "id": 17,
              "isbn": "9792239551101",
              "title": "PHP for begginers",
              "description": "Qui qui dolor velit aspernatur. Nam incidunt rerum eos maiores. Ut maiores inventore recusandae.",
              "authors": [],
              "review": {
                  "avg": 0,
                  "count": 0
              }
          }
      ]
  }]
  
  within response JSON:
  
  [{
      "data": [
          {
              "id": 17,
              "isbn": "9792239551101",
              "title": "PHP for begginers",
              "description": "Qui qui dolor velit aspernatur. Nam incidunt rerum eos maiores. Ut maiores inventore recusandae.",
              "authors": [],
              "review": {
                  "avg": 0,
                  "count": 0
              }
          },
          {
              "id": 18,
              "isbn": "9787933746922",
              "title": "Javascript for dummies",
              "description": "A vitae eveniet natus. Eaque ut maxime non optio. Illum quo dolor mollitia dolor sit. Vel fugiat aut et aut.",
              "authors": [],
              "review": {
                  "avg": 0,
                  "count": 0
              }
          },
          {
              "id": 19,
              "isbn": "9790912939536",
              "title": "Advanced Python",
              "description": "Magni ad adipisci non placeat quo non qui. Qui incidunt tempora aut. Voluptas atque quia labore distinctio alias eum non.",
              "authors": [],
              "review": {
                  "avg": 0,
                  "count": 0
              }
          }
      ],
      "links": null
  }].
  
  
  Failed asserting that an array has the subset Array &amp;0 (
      'data' =&gt; Array &amp;1 (
          0 =&gt; Array &amp;2 (
              'id' =&gt; 19
              'isbn' =&gt; '9790912939536'
              'title' =&gt; 'Advanced Python'
              'description' =&gt; 'Magni ad adipisci non placeat quo non qui. Qui incidunt tempora aut. Voluptas atque quia labore distinctio alias eum non.'
              'authors' =&gt; Array &amp;3 ()
              'review' =&gt; Array &amp;4 (
                  'avg' =&gt; 0
                  'count' =&gt; 0
              )
          )
          1 =&gt; Array &amp;5 (
              'id' =&gt; 18
              'isbn' =&gt; '9787933746922'
              'title' =&gt; 'Javascript for dummies'
              'description' =&gt; 'A vitae eveniet natus. Eaque ut maxime non optio. Illum quo dolor mollitia dolor sit. Vel fugiat aut et aut.'
              'authors' =&gt; Array &amp;6 ()
              'review' =&gt; Array &amp;7 (
                  'avg' =&gt; 0
                  'count' =&gt; 0
              )
          )
          2 =&gt; Array &amp;8 (
              'id' =&gt; 17
              'isbn' =&gt; '9792239551101'
              'title' =&gt; 'PHP for begginers'
              'description' =&gt; 'Qui qui dolor velit aspernatur. Nam incidunt rerum eos maiores. Ut maiores inventore recusandae.'
              'authors' =&gt; Array &amp;9 ()
              'review' =&gt; Array &amp;10 (
                  'avg' =&gt; 0
                  'count' =&gt; 0
              )
          )
      )
  ).
--- Expected
+++ Actual
@@ @@
   array (
     0 =&gt; 
     array (
-      'id' =&gt; 19,
-      'isbn' =&gt; '9790912939536',
-      'title' =&gt; 'Advanced Python',
-      'description' =&gt; 'Magni ad adipisci non placeat quo non qui. Qui incidunt tempora aut. Voluptas atque quia labore distinctio alias eum non.',
+      'id' =&gt; 17,
+      'isbn' =&gt; '9792239551101',
+      'title' =&gt; 'PHP for begginers',
+      'description' =&gt; 'Qui qui dolor velit aspernatur. Nam incidunt rerum eos maiores. Ut maiores inventore recusandae.',
       'authors' =&gt; 
       array (
       ),
@@ @@
     ),
     2 =&gt; 
     array (
-      'id' =&gt; 17,
-      'isbn' =&gt; '9792239551101',
-      'title' =&gt; 'PHP for begginers',
-      'description' =&gt; 'Qui qui dolor velit aspernatur. Nam incidunt rerum eos maiores. Ut maiores inventore recusandae.',
+      'id' =&gt; 19,
+      'isbn' =&gt; '9790912939536',
+      'title' =&gt; 'Advanced Python',
+      'description' =&gt; 'Magni ad adipisci non placeat quo non qui. Qui incidunt tempora aut. Voluptas atque quia labore distinctio alias eum non.',
       'authors' =&gt; 
       array (
       ),

/home/zoli90/Downloads/tasks/tasks/a/example-app/vendor/laravel/framework/src/Illuminate/Testing/Constraints/ArraySubset.php:85
/home/zoli90/Downloads/tasks/tasks/a/example-app/vendor/laravel/framework/src/Illuminate/Testing/Assert.php:40
/home/zoli90/Downloads/tasks/tasks/a/example-app/vendor/laravel/framework/src/Illuminate/Testing/AssertableJsonString.php:273
/home/zoli90/Downloads/tasks/tasks/a/example-app/vendor/laravel/framework/src/Illuminate/Testing/TestResponse.php:695
/home/zoli90/Downloads/tasks/tasks/a/example-app/tests/Feature/BookListTest.php:209
/home/zoli90/Downloads/tasks/tasks/a/example-app/tests/Feature/BookListTest.php:149</failure>
        </testcase>
        <testcase name="testAvgReviewSort" class="Tests\Feature\BooksListTest" classname="Tests.Feature.BooksListTest" file="/home/zoli90/Downloads/tasks/tasks/a/example-app/tests/Feature/BookListTest.php" line="157" assertions="2" time="0.020556">
          <failure type="PHPUnit\Framework\ExpectationFailedException">Tests\Feature\BooksListTest::testAvgReviewSort
Unable to find JSON: 
  
  [{
      "data": [
          {
              "id": 22,
              "isbn": "9782389139830",
              "title": "Advanced Python",
              "description": "Sunt omnis sed dicta et enim et quibusdam quis. Sit aut quis minima commodi eaque. Et voluptate nihil et sed vitae cumque veniam. Nostrum reprehenderit dignissimos ut provident.",
              "authors": [],
              "review": {
                  "avg": 0,
                  "count": 0
              }
          },
          {
              "id": 20,
              "isbn": "9782286510657",
              "title": "PHP for begginers",
              "description": "Qui molestiae quis est vitae. Eaque assumenda facilis aliquam accusamus ratione et accusantium. Et ipsam quis rem.",
              "authors": [],
              "review": {
                  "avg": 3,
                  "count": 2
              }
          },
          {
              "id": 21,
              "isbn": "9787388423355",
              "title": "Javascript for dummies",
              "description": "Laborum officiis rerum cupiditate recusandae quia eveniet sapiente. Sit cupiditate autem sint qui reprehenderit. Vel repellat est aliquid ut nulla.",
              "authors": [],
              "review": {
                  "avg": 6,
                  "count": 2
              }
          }
      ]
  }]
  
  within response JSON:
  
  [{
      "data": [
          {
              "id": 20,
              "isbn": "9782286510657",
              "title": "PHP for begginers",
              "description": "Qui molestiae quis est vitae. Eaque assumenda facilis aliquam accusamus ratione et accusantium. Et ipsam quis rem.",
              "authors": [],
              "review": {
                  "avg": 3,
                  "count": 2
              }
          },
          {
              "id": 21,
              "isbn": "9787388423355",
              "title": "Javascript for dummies",
              "description": "Laborum officiis rerum cupiditate recusandae quia eveniet sapiente. Sit cupiditate autem sint qui reprehenderit. Vel repellat est aliquid ut nulla.",
              "authors": [],
              "review": {
                  "avg": 6,
                  "count": 2
              }
          },
          {
              "id": 22,
              "isbn": "9782389139830",
              "title": "Advanced Python",
              "description": "Sunt omnis sed dicta et enim et quibusdam quis. Sit aut quis minima commodi eaque. Et voluptate nihil et sed vitae cumque veniam. Nostrum reprehenderit dignissimos ut provident.",
              "authors": [],
              "review": {
                  "avg": 0,
                  "count": 0
              }
          }
      ],
      "links": null
  }].
  
  
  Failed asserting that an array has the subset Array &amp;0 (
      'data' =&gt; Array &amp;1 (
          0 =&gt; Array &amp;2 (
              'id' =&gt; 22
              'isbn' =&gt; '9782389139830'
              'title' =&gt; 'Advanced Python'
              'description' =&gt; 'Sunt omnis sed dicta et enim et quibusdam quis. Sit aut quis minima commodi eaque. Et voluptate nihil et sed vitae cumque veniam. Nostrum reprehenderit dignissimos ut provident.'
              'authors' =&gt; Array &amp;3 ()
              'review' =&gt; Array &amp;4 (
                  'avg' =&gt; 0
                  'count' =&gt; 0
              )
          )
          1 =&gt; Array &amp;5 (
              'id' =&gt; 20
              'isbn' =&gt; '9782286510657'
              'title' =&gt; 'PHP for begginers'
              'description' =&gt; 'Qui molestiae quis est vitae. Eaque assumenda facilis aliquam accusamus ratione et accusantium. Et ipsam quis rem.'
              'authors' =&gt; Array &amp;6 ()
              'review' =&gt; Array &amp;7 (
                  'avg' =&gt; 3
                  'count' =&gt; 2
              )
          )
          2 =&gt; Array &amp;8 (
              'id' =&gt; 21
              'isbn' =&gt; '9787388423355'
              'title' =&gt; 'Javascript for dummies'
              'description' =&gt; 'Laborum officiis rerum cupiditate recusandae quia eveniet sapiente. Sit cupiditate autem sint qui reprehenderit. Vel repellat est aliquid ut nulla.'
              'authors' =&gt; Array &amp;9 ()
              'review' =&gt; Array &amp;10 (
                  'avg' =&gt; 6
                  'count' =&gt; 2
              )
          )
      )
  ).
--- Expected
+++ Actual
@@ @@
   array (
     0 =&gt; 
     array (
-      'id' =&gt; 22,
-      'isbn' =&gt; '9782389139830',
-      'title' =&gt; 'Advanced Python',
-      'description' =&gt; 'Sunt omnis sed dicta et enim et quibusdam quis. Sit aut quis minima commodi eaque. Et voluptate nihil et sed vitae cumque veniam. Nostrum reprehenderit dignissimos ut provident.',
-      'authors' =&gt; 
-      array (
-      ),
-      'review' =&gt; 
-      array (
-        'avg' =&gt; 0,
-        'count' =&gt; 0,
-      ),
-    ),
-    1 =&gt; 
-    array (
       'id' =&gt; 20,
       'isbn' =&gt; '9782286510657',
       'title' =&gt; 'PHP for begginers',
@@ @@
         'count' =&gt; 2,
       ),
     ),
-    2 =&gt; 
+    1 =&gt; 
     array (
       'id' =&gt; 21,
       'isbn' =&gt; '9787388423355',
@@ @@
       array (
         'avg' =&gt; 6,
         'count' =&gt; 2,
+      ),
+    ),
+    2 =&gt; 
+    array (
+      'id' =&gt; 22,
+      'isbn' =&gt; '9782389139830',
+      'title' =&gt; 'Advanced Python',
+      'description' =&gt; 'Sunt omnis sed dicta et enim et quibusdam quis. Sit aut quis minima commodi eaque. Et voluptate nihil et sed vitae cumque veniam. Nostrum reprehenderit dignissimos ut provident.',
+      'authors' =&gt; 
+      array (
+      ),
+      'review' =&gt; 
+      array (
+        'avg' =&gt; 0,
+        'count' =&gt; 0,
       ),
     ),
   ),
   'links' =&gt; NULL,
 )

/home/zoli90/Downloads/tasks/tasks/a/example-app/vendor/laravel/framework/src/Illuminate/Testing/Constraints/ArraySubset.php:85
/home/zoli90/Downloads/tasks/tasks/a/example-app/vendor/laravel/framework/src/Illuminate/Testing/Assert.php:40
/home/zoli90/Downloads/tasks/tasks/a/example-app/vendor/laravel/framework/src/Illuminate/Testing/AssertableJsonString.php:273
/home/zoli90/Downloads/tasks/tasks/a/example-app/vendor/laravel/framework/src/Illuminate/Testing/TestResponse.php:695
/home/zoli90/Downloads/tasks/tasks/a/example-app/tests/Feature/BookListTest.php:209
/home/zoli90/Downloads/tasks/tasks/a/example-app/tests/Feature/BookListTest.php:181</failure>
        </testcase>
        <testcase name="testPagination" class="Tests\Feature\BooksListTest" classname="Tests.Feature.BooksListTest" file="/home/zoli90/Downloads/tasks/tasks/a/example-app/tests/Feature/BookListTest.php" line="189" assertions="2" time="0.039714">
          <failure type="PHPUnit\Framework\ExpectationFailedException">Tests\Feature\BooksListTest::testPagination
Unable to find JSON: 
  
  [{
      "data": [
          {
              "id": 23,
              "isbn": "9785078749051",
              "title": "Ut tempora occaecati nobis harum sed velit sunt.",
              "description": "Minima ullam nulla praesentium dolorem odio. Aspernatur nihil ut nisi rerum nemo aut. Doloremque rerum dolor dolores veniam.",
              "authors": [],
              "review": {
                  "avg": 0,
                  "count": 0
              }
          },
          {
              "id": 24,
              "isbn": "9786318230810",
              "title": "Odio ullam non voluptates et dolorem omnis aut dolorem.",
              "description": "Ducimus eos ratione autem nam alias impedit dolores. Eos sed quaerat placeat porro quo itaque. Ut ut doloribus ab nihil est. Eaque et ducimus sed sint.",
              "authors": [],
              "review": {
                  "avg": 0,
                  "count": 0
              }
          },
          {
              "id": 25,
              "isbn": "9785419540644",
              "title": "Hic quo totam ullam recusandae sit iure.",
              "description": "Et velit enim culpa et non. Sit doloribus et quibusdam et et. Natus quasi et molestias voluptatem.",
              "authors": [],
              "review": {
                  "avg": 0,
                  "count": 0
              }
          },
          {
              "id": 26,
              "isbn": "9788392009085",
              "title": "Voluptatem asperiores aut aut temporibus voluptatibus.",
              "description": "Modi perferendis quaerat voluptas quia sit voluptas nesciunt nisi. Quis ea vel tenetur quaerat optio. Nobis accusamus repudiandae nemo est. In alias et quia labore labore.",
              "authors": [],
              "review": {
                  "avg": 0,
                  "count": 0
              }
          },
          {
              "id": 27,
              "isbn": "9797142123193",
              "title": "Odit nisi magnam tempore quaerat consectetur.",
              "description": "Distinctio nobis enim ipsam distinctio. Ut velit sunt voluptatem sint eum dolor. Ut ex perspiciatis eos amet.",
              "authors": [],
              "review": {
                  "avg": 0,
                  "count": 0
              }
          },
          {
              "id": 28,
              "isbn": "9787195884202",
              "title": "Non molestiae labore itaque inventore.",
              "description": "Consectetur laudantium ullam omnis inventore aut. Inventore earum animi voluptas nulla et quis animi.",
              "authors": [],
              "review": {
                  "avg": 0,
                  "count": 0
              }
          },
          {
              "id": 29,
              "isbn": "9797565191526",
              "title": "Porro consequatur earum excepturi magni incidunt.",
              "description": "Beatae dolorum accusantium nesciunt nemo officia maiores amet. Aspernatur et rerum earum et. Dolorem dicta ea cupiditate distinctio saepe qui odit.",
              "authors": [],
              "review": {
                  "avg": 0,
                  "count": 0
              }
          },
          {
              "id": 30,
              "isbn": "9795160399729",
              "title": "Nam ut aspernatur molestiae dignissimos eum dignissimos debitis.",
              "description": "Ut pariatur itaque ea quas adipisci optio sed. Inventore eveniet consequatur laudantium id aspernatur ut minus. Fuga et ut in soluta eum odit.",
              "authors": [],
              "review": {
                  "avg": 0,
                  "count": 0
              }
          },
          {
              "id": 31,
              "isbn": "9781305163812",
              "title": "Numquam asperiores ipsa quas perspiciatis.",
              "description": "Aut ullam ea ducimus quasi voluptate. Repellendus beatae odit eos delectus. Dolorum neque quam beatae cum repellat eum.",
              "authors": [],
              "review": {
                  "avg": 0,
                  "count": 0
              }
          },
          {
              "id": 32,
              "isbn": "9786419541556",
              "title": "Necessitatibus et aut doloremque tempora.",
              "description": "Dolor consequatur eos ut nobis. Est perspiciatis a perspiciatis vel dolores ut incidunt illum. Eos quia et dolor blanditiis omnis.",
              "authors": [],
              "review": {
                  "avg": 0,
                  "count": 0
              }
          },
          {
              "id": 33,
              "isbn": "9789657948569",
              "title": "Sint molestiae inventore labore adipisci est dicta.",
              "description": "Est qui corporis ducimus porro eaque laudantium sunt. Et corrupti fugiat aliquid et quis consequuntur excepturi. Autem earum vero et aut corrupti fugiat. Facere provident commodi odio sit.",
              "authors": [],
              "review": {
                  "avg": 0,
                  "count": 0
              }
          },
          {
              "id": 34,
              "isbn": "9786403256428",
              "title": "Non numquam quia odit repellat eum dicta.",
              "description": "Ea nesciunt repudiandae sint quae doloremque et. Sed soluta placeat rem beatae. Asperiores similique mollitia sunt id culpa architecto.",
              "authors": [],
              "review": {
                  "avg": 0,
                  "count": 0
              }
          },
          {
              "id": 35,
              "isbn": "9793913345467",
              "title": "Similique reprehenderit maxime est non quo vitae.",
              "description": "Reiciendis corporis sit optio placeat quia non. Et deserunt dicta veniam. Nulla tenetur quisquam eius dolorum voluptates est et.",
              "authors": [],
              "review": {
                  "avg": 0,
                  "count": 0
              }
          },
          {
              "id": 36,
              "isbn": "9798410036115",
              "title": "Nihil pariatur tempora non nam.",
              "description": "Aliquam voluptatum totam accusamus. Sint sint est veniam ut. Explicabo debitis velit unde voluptates.",
              "authors": [],
              "review": {
                  "avg": 0,
                  "count": 0
              }
          },
          {
              "id": 37,
              "isbn": "9797160336155",
              "title": "Neque iusto mollitia sint.",
              "description": "Dolores debitis aut assumenda quam at illo non. Et quia expedita sed minima amet. Voluptatem asperiores voluptatem qui tenetur.",
              "authors": [],
              "review": {
                  "avg": 0,
                  "count": 0
              }
          }
      ]
  }]
  
  within response JSON:
  
  [{
      "data": [
          {
              "id": 23,
              "isbn": "9785078749051",
              "title": "Ut tempora occaecati nobis harum sed velit sunt.",
              "description": "Minima ullam nulla praesentium dolorem odio. Aspernatur nihil ut nisi rerum nemo aut. Doloremque rerum dolor dolores veniam.",
              "authors": [],
              "review": {
                  "avg": 0,
                  "count": 0
              }
          },
          {
              "id": 24,
              "isbn": "9786318230810",
              "title": "Odio ullam non voluptates et dolorem omnis aut dolorem.",
              "description": "Ducimus eos ratione autem nam alias impedit dolores. Eos sed quaerat placeat porro quo itaque. Ut ut doloribus ab nihil est. Eaque et ducimus sed sint.",
              "authors": [],
              "review": {
                  "avg": 0,
                  "count": 0
              }
          },
          {
              "id": 25,
              "isbn": "9785419540644",
              "title": "Hic quo totam ullam recusandae sit iure.",
              "description": "Et velit enim culpa et non. Sit doloribus et quibusdam et et. Natus quasi et molestias voluptatem.",
              "authors": [],
              "review": {
                  "avg": 0,
                  "count": 0
              }
          },
          {
              "id": 26,
              "isbn": "9788392009085",
              "title": "Voluptatem asperiores aut aut temporibus voluptatibus.",
              "description": "Modi perferendis quaerat voluptas quia sit voluptas nesciunt nisi. Quis ea vel tenetur quaerat optio. Nobis accusamus repudiandae nemo est. In alias et quia labore labore.",
              "authors": [],
              "review": {
                  "avg": 0,
                  "count": 0
              }
          },
          {
              "id": 27,
              "isbn": "9797142123193",
              "title": "Odit nisi magnam tempore quaerat consectetur.",
              "description": "Distinctio nobis enim ipsam distinctio. Ut velit sunt voluptatem sint eum dolor. Ut ex perspiciatis eos amet.",
              "authors": [],
              "review": {
                  "avg": 0,
                  "count": 0
              }
          }
      ],
      "links": null
  }].
  
  
  Failed asserting that an array has the subset Array &amp;0 (
      'data' =&gt; Array &amp;1 (
          0 =&gt; Array &amp;2 (
              'id' =&gt; 23
              'isbn' =&gt; '9785078749051'
              'title' =&gt; 'Ut tempora occaecati nobis harum sed velit sunt.'
              'description' =&gt; 'Minima ullam nulla praesentium dolorem odio. Aspernatur nihil ut nisi rerum nemo aut. Doloremque rerum dolor dolores veniam.'
              'authors' =&gt; Array &amp;3 ()
              'review' =&gt; Array &amp;4 (
                  'avg' =&gt; 0
                  'count' =&gt; 0
              )
          )
          1 =&gt; Array &amp;5 (
              'id' =&gt; 24
              'isbn' =&gt; '9786318230810'
              'title' =&gt; 'Odio ullam non voluptates et dolorem omnis aut dolorem.'
              'description' =&gt; 'Ducimus eos ratione autem nam alias impedit dolores. Eos sed quaerat placeat porro quo itaque. Ut ut doloribus ab nihil est. Eaque et ducimus sed sint.'
              'authors' =&gt; Array &amp;6 ()
              'review' =&gt; Array &amp;7 (
                  'avg' =&gt; 0
                  'count' =&gt; 0
              )
          )
          2 =&gt; Array &amp;8 (
              'id' =&gt; 25
              'isbn' =&gt; '9785419540644'
              'title' =&gt; 'Hic quo totam ullam recusandae sit iure.'
              'description' =&gt; 'Et velit enim culpa et non. Sit doloribus et quibusdam et et. Natus quasi et molestias voluptatem.'
              'authors' =&gt; Array &amp;9 ()
              'review' =&gt; Array &amp;10 (
                  'avg' =&gt; 0
                  'count' =&gt; 0
              )
          )
          3 =&gt; Array &amp;11 (
              'id' =&gt; 26
              'isbn' =&gt; '9788392009085'
              'title' =&gt; 'Voluptatem asperiores aut aut temporibus voluptatibus.'
              'description' =&gt; 'Modi perferendis quaerat voluptas quia sit voluptas nesciunt nisi. Quis ea vel tenetur quaerat optio. Nobis accusamus repudiandae nemo est. In alias et quia labore labore.'
              'authors' =&gt; Array &amp;12 ()
              'review' =&gt; Array &amp;13 (
                  'avg' =&gt; 0
                  'count' =&gt; 0
              )
          )
          4 =&gt; Array &amp;14 (
              'id' =&gt; 27
              'isbn' =&gt; '9797142123193'
              'title' =&gt; 'Odit nisi magnam tempore quaerat consectetur.'
              'description' =&gt; 'Distinctio nobis enim ipsam distinctio. Ut velit sunt voluptatem sint eum dolor. Ut ex perspiciatis eos amet.'
              'authors' =&gt; Array &amp;15 ()
              'review' =&gt; Array &amp;16 (
                  'avg' =&gt; 0
                  'count' =&gt; 0
              )
          )
          5 =&gt; Array &amp;17 (
              'id' =&gt; 28
              'isbn' =&gt; '9787195884202'
              'title' =&gt; 'Non molestiae labore itaque inventore.'
              'description' =&gt; 'Consectetur laudantium ullam omnis inventore aut. Inventore earum animi voluptas nulla et quis animi.'
              'authors' =&gt; Array &amp;18 ()
              'review' =&gt; Array &amp;19 (
                  'avg' =&gt; 0
                  'count' =&gt; 0
              )
          )
          6 =&gt; Array &amp;20 (
              'id' =&gt; 29
              'isbn' =&gt; '9797565191526'
              'title' =&gt; 'Porro consequatur earum excepturi magni incidunt.'
              'description' =&gt; 'Beatae dolorum accusantium nesciunt nemo officia maiores amet. Aspernatur et rerum earum et. Dolorem dicta ea cupiditate distinctio saepe qui odit.'
              'authors' =&gt; Array &amp;21 ()
              'review' =&gt; Array &amp;22 (
                  'avg' =&gt; 0
                  'count' =&gt; 0
              )
          )
          7 =&gt; Array &amp;23 (
              'id' =&gt; 30
              'isbn' =&gt; '9795160399729'
              'title' =&gt; 'Nam ut aspernatur molestiae dignissimos eum dignissimos debitis.'
              'description' =&gt; 'Ut pariatur itaque ea quas adipisci optio sed. Inventore eveniet consequatur laudantium id aspernatur ut minus. Fuga et ut in soluta eum odit.'
              'authors' =&gt; Array &amp;24 ()
              'review' =&gt; Array &amp;25 (
                  'avg' =&gt; 0
                  'count' =&gt; 0
              )
          )
          8 =&gt; Array &amp;26 (
              'id' =&gt; 31
              'isbn' =&gt; '9781305163812'
              'title' =&gt; 'Numquam asperiores ipsa quas perspiciatis.'
              'description' =&gt; 'Aut ullam ea ducimus quasi voluptate. Repellendus beatae odit eos delectus. Dolorum neque quam beatae cum repellat eum.'
              'authors' =&gt; Array &amp;27 ()
              'review' =&gt; Array &amp;28 (
                  'avg' =&gt; 0
                  'count' =&gt; 0
              )
          )
          9 =&gt; Array &amp;29 (
              'id' =&gt; 32
              'isbn' =&gt; '9786419541556'
              'title' =&gt; 'Necessitatibus et aut doloremque tempora.'
              'description' =&gt; 'Dolor consequatur eos ut nobis. Est perspiciatis a perspiciatis vel dolores ut incidunt illum. Eos quia et dolor blanditiis omnis.'
              'authors' =&gt; Array &amp;30 ()
              'review' =&gt; Array &amp;31 (
                  'avg' =&gt; 0
                  'count' =&gt; 0
              )
          )
          10 =&gt; Array &amp;32 (
              'id' =&gt; 33
              'isbn' =&gt; '9789657948569'
              'title' =&gt; 'Sint molestiae inventore labore adipisci est dicta.'
              'description' =&gt; 'Est qui corporis ducimus porro eaque laudantium sunt. Et corrupti fugiat aliquid et quis consequuntur excepturi. Autem earum vero et aut corrupti fugiat. Facere provident commodi odio sit.'
              'authors' =&gt; Array &amp;33 ()
              'review' =&gt; Array &amp;34 (
                  'avg' =&gt; 0
                  'count' =&gt; 0
              )
          )
          11 =&gt; Array &amp;35 (
              'id' =&gt; 34
              'isbn' =&gt; '9786403256428'
              'title' =&gt; 'Non numquam quia odit repellat eum dicta.'
              'description' =&gt; 'Ea nesciunt repudiandae sint quae doloremque et. Sed soluta placeat rem beatae. Asperiores similique mollitia sunt id culpa architecto.'
              'authors' =&gt; Array &amp;36 ()
              'review' =&gt; Array &amp;37 (
                  'avg' =&gt; 0
                  'count' =&gt; 0
              )
          )
          12 =&gt; Array &amp;38 (
              'id' =&gt; 35
              'isbn' =&gt; '9793913345467'
              'title' =&gt; 'Similique reprehenderit maxime est non quo vitae.'
              'description' =&gt; 'Reiciendis corporis sit optio placeat quia non. Et deserunt dicta veniam. Nulla tenetur quisquam eius dolorum voluptates est et.'
              'authors' =&gt; Array &amp;39 ()
              'review' =&gt; Array &amp;40 (
                  'avg' =&gt; 0
                  'count' =&gt; 0
              )
          )
          13 =&gt; Array &amp;41 (
              'id' =&gt; 36
              'isbn' =&gt; '9798410036115'
              'title' =&gt; 'Nihil pariatur tempora non nam.'
              'description' =&gt; 'Aliquam voluptatum totam accusamus. Sint sint est veniam ut. Explicabo debitis velit unde voluptates.'
              'authors' =&gt; Array &amp;42 ()
              'review' =&gt; Array &amp;43 (
                  'avg' =&gt; 0
                  'count' =&gt; 0
              )
          )
          14 =&gt; Array &amp;44 (
              'id' =&gt; 37
              'isbn' =&gt; '9797160336155'
              'title' =&gt; 'Neque iusto mollitia sint.'
              'description' =&gt; 'Dolores debitis aut assumenda quam at illo non. Et quia expedita sed minima amet. Voluptatem asperiores voluptatem qui tenetur.'
              'authors' =&gt; Array &amp;45 ()
              'review' =&gt; Array &amp;46 (
                  'avg' =&gt; 0
                  'count' =&gt; 0
              )
          )
      )
  ).
--- Expected
+++ Actual
@@ @@
         'count' =&gt; 0,
       ),
     ),
-    5 =&gt; 
-    array (
-      'id' =&gt; 28,
-      'isbn' =&gt; '9787195884202',
-      'title' =&gt; 'Non molestiae labore itaque inventore.',
-      'description' =&gt; 'Consectetur laudantium ullam omnis inventore aut. Inventore earum animi voluptas nulla et quis animi.',
-      'authors' =&gt; 
-      array (
-      ),
-      'review' =&gt; 
-      array (
-        'avg' =&gt; 0,
-        'count' =&gt; 0,
-      ),
-    ),
-    6 =&gt; 
-    array (
-      'id' =&gt; 29,
-      'isbn' =&gt; '9797565191526',
-      'title' =&gt; 'Porro consequatur earum excepturi magni incidunt.',
-      'description' =&gt; 'Beatae dolorum accusantium nesciunt nemo officia maiores amet. Aspernatur et rerum earum et. Dolorem dicta ea cupiditate distinctio saepe qui odit.',
-      'authors' =&gt; 
-      array (
-      ),
-      'review' =&gt; 
-      array (
-        'avg' =&gt; 0,
-        'count' =&gt; 0,
-      ),
-    ),
-    7 =&gt; 
-    array (
-      'id' =&gt; 30,
-      'isbn' =&gt; '9795160399729',
-      'title' =&gt; 'Nam ut aspernatur molestiae dignissimos eum dignissimos debitis.',
-      'description' =&gt; 'Ut pariatur itaque ea quas adipisci optio sed. Inventore eveniet consequatur laudantium id aspernatur ut minus. Fuga et ut in soluta eum odit.',
-      'authors' =&gt; 
-      array (
-      ),
-      'review' =&gt; 
-      array (
-        'avg' =&gt; 0,
-        'count' =&gt; 0,
-      ),
-    ),
-    8 =&gt; 
-    array (
-      'id' =&gt; 31,
-      'isbn' =&gt; '9781305163812',
-      'title' =&gt; 'Numquam asperiores ipsa quas perspiciatis.',
-      'description' =&gt; 'Aut ullam ea ducimus quasi voluptate. Repellendus beatae odit eos delectus. Dolorum neque quam beatae cum repellat eum.',
-      'authors' =&gt; 
-      array (
-      ),
-      'review' =&gt; 
-      array (
-        'avg' =&gt; 0,
-        'count' =&gt; 0,
-      ),
-    ),
-    9 =&gt; 
-    array (
-      'id' =&gt; 32,
-      'isbn' =&gt; '9786419541556',
-      'title' =&gt; 'Necessitatibus et aut doloremque tempora.',
-      'description' =&gt; 'Dolor consequatur eos ut nobis. Est perspiciatis a perspiciatis vel dolores ut incidunt illum. Eos quia et dolor blanditiis omnis.',
-      'authors' =&gt; 
-      array (
-      ),
-      'review' =&gt; 
-      array (
-        'avg' =&gt; 0,
-        'count' =&gt; 0,
-      ),
-    ),
-    10 =&gt; 
-    array (
-      'id' =&gt; 33,
-      'isbn' =&gt; '9789657948569',
-      'title' =&gt; 'Sint molestiae inventore labore adipisci est dicta.',
-      'description' =&gt; 'Est qui corporis ducimus porro eaque laudantium sunt. Et corrupti fugiat aliquid et quis consequuntur excepturi. Autem earum vero et aut corrupti fugiat. Facere provident commodi odio sit.',
-      'authors' =&gt; 
-      array (
-      ),
-      'review' =&gt; 
-      array (
-        'avg' =&gt; 0,
-        'count' =&gt; 0,
-      ),
-    ),
-    11 =&gt; 
-    array (
-      'id' =&gt; 34,
-      'isbn' =&gt; '9786403256428',
-      'title' =&gt; 'Non numquam quia odit repellat eum dicta.',
-      'description' =&gt; 'Ea nesciunt repudiandae sint quae doloremque et. Sed soluta placeat rem beatae. Asperiores similique mollitia sunt id culpa architecto.',
-      'authors' =&gt; 
-      array (
-      ),
-      'review' =&gt; 
-      array (
-        'avg' =&gt; 0,
-        'count' =&gt; 0,
-      ),
-    ),
-    12 =&gt; 
-    array (
-      'id' =&gt; 35,
-      'isbn' =&gt; '9793913345467',
-      'title' =&gt; 'Similique reprehenderit maxime est non quo vitae.',
-      'description' =&gt; 'Reiciendis corporis sit optio placeat quia non. Et deserunt dicta veniam. Nulla tenetur quisquam eius dolorum voluptates est et.',
-      'authors' =&gt; 
-      array (
-      ),
-      'review' =&gt; 
-      array (
-        'avg' =&gt; 0,
-        'count' =&gt; 0,
-      ),
-    ),
-    13 =&gt; 
-    array (
-      'id' =&gt; 36,
-      'isbn' =&gt; '9798410036115',
-      'title' =&gt; 'Nihil pariatur tempora non nam.',
-      'description' =&gt; 'Aliquam voluptatum totam accusamus. Sint sint est veniam ut. Explicabo debitis velit unde voluptates.',
-      'authors' =&gt; 
-      array (
-      ),
-      'review' =&gt; 
-      array (
-        'avg' =&gt; 0,
-        'count' =&gt; 0,
-      ),
-    ),
-    14 =&gt; 
-    array (
-      'id' =&gt; 37,
-      'isbn' =&gt; '9797160336155',
-      'title' =&gt; 'Neque iusto mollitia sint.',
-      'description' =&gt; 'Dolores debitis aut assumenda quam at illo non. Et quia expedita sed minima amet. Voluptatem asperiores voluptatem qui tenetur.',
-      'authors' =&gt; 
-      array (
-      ),
-      'review' =&gt; 
-      array (
-        'avg' =&gt; 0,
-        'count' =&gt; 0,
-      ),
-    ),
   ),
   'links' =&gt; NULL,
 )

/home/zoli90/Downloads/tasks/tasks/a/example-app/vendor/laravel/framework/src/Illuminate/Testing/Constraints/ArraySubset.php:85
/home/zoli90/Downloads/tasks/tasks/a/example-app/vendor/laravel/framework/src/Illuminate/Testing/Assert.php:40
/home/zoli90/Downloads/tasks/tasks/a/example-app/vendor/laravel/framework/src/Illuminate/Testing/AssertableJsonString.php:273
/home/zoli90/Downloads/tasks/tasks/a/example-app/vendor/laravel/framework/src/Illuminate/Testing/TestResponse.php:695
/home/zoli90/Downloads/tasks/tasks/a/example-app/tests/Feature/BookListTest.php:209
/home/zoli90/Downloads/tasks/tasks/a/example-app/tests/Feature/BookListTest.php:198</failure>
        </testcase>
      </testsuite>
      <testsuite name="Tests\Feature\BookPostTest" file="/home/zoli90/Downloads/tasks/tasks/a/example-app/tests/Feature/BookPostTest.php" tests="24" assertions="64" errors="1" warnings="0" failures="4" skipped="0" time="0.341221">
        <testcase name="testDenyGuestAccess" class="Tests\Feature\BookPostTest" classname="Tests.Feature.BookPostTest" file="/home/zoli90/Downloads/tasks/tasks/a/example-app/tests/Feature/BookPostTest.php" line="13" assertions="1" time="0.015509">
          <failure type="PHPUnit\Framework\ExpectationFailedException">Tests\Feature\BookPostTest::testDenyGuestAccess
Expected response status code [401] but received 500.
  Failed asserting that 401 is identical to 500.

/home/zoli90/Downloads/tasks/tasks/a/example-app/vendor/laravel/framework/src/Illuminate/Testing/TestResponse.php:177
/home/zoli90/Downloads/tasks/tasks/a/example-app/tests/Feature/BookPostTest.php:24</failure>
        </testcase>
        <testcase name="testDenyNonAdminUserAccess" class="Tests\Feature\BookPostTest" classname="Tests.Feature.BookPostTest" file="/home/zoli90/Downloads/tasks/tasks/a/example-app/tests/Feature/BookPostTest.php" line="27" assertions="1" time="0.013816"/>
        <testcase name="testSuccessfulPost" class="Tests\Feature\BookPostTest" classname="Tests.Feature.BookPostTest" file="/home/zoli90/Downloads/tasks/tasks/a/example-app/tests/Feature/BookPostTest.php" line="44" assertions="1" time="0.034071">
          <error type="TypeError">Tests\Feature\BookPostTest::testSuccessfulPost
TypeError: Argument 2 passed to Tests\Feature\BookPostTest::assertResponseContainsBook() must be an instance of App\Book, null given, called in /home/zoli90/Downloads/tasks/tasks/a/example-app/tests/Feature/BookPostTest.php on line 62

/home/zoli90/Downloads/tasks/tasks/a/example-app/tests/Feature/BookPostTest.php:123
/home/zoli90/Downloads/tasks/tasks/a/example-app/tests/Feature/BookPostTest.php:62</error>
        </testcase>
        <testsuite name="Tests\Feature\BookPostTest::testValidation" tests="21" assertions="61" errors="0" warnings="0" failures="3" skipped="0" time="0.277825">
          <testcase name="testValidation with data set #0" class="Tests\Feature\BookPostTest" classname="Tests.Feature.BookPostTest" file="/home/zoli90/Downloads/tasks/tasks/a/example-app/tests/Feature/BookPostTest.php" line="72" assertions="3" time="0.018606"/>
          <testcase name="testValidation with data set #1" class="Tests\Feature\BookPostTest" classname="Tests.Feature.BookPostTest" file="/home/zoli90/Downloads/tasks/tasks/a/example-app/tests/Feature/BookPostTest.php" line="72" assertions="3" time="0.020918"/>
          <testcase name="testValidation with data set #2" class="Tests\Feature\BookPostTest" classname="Tests.Feature.BookPostTest" file="/home/zoli90/Downloads/tasks/tasks/a/example-app/tests/Feature/BookPostTest.php" line="72" assertions="3" time="0.018790"/>
          <testcase name="testValidation with data set #3" class="Tests\Feature\BookPostTest" classname="Tests.Feature.BookPostTest" file="/home/zoli90/Downloads/tasks/tasks/a/example-app/tests/Feature/BookPostTest.php" line="72" assertions="3" time="0.014040"/>
          <testcase name="testValidation with data set #4" class="Tests\Feature\BookPostTest" classname="Tests.Feature.BookPostTest" file="/home/zoli90/Downloads/tasks/tasks/a/example-app/tests/Feature/BookPostTest.php" line="72" assertions="3" time="0.012527"/>
          <testcase name="testValidation with data set #5" class="Tests\Feature\BookPostTest" classname="Tests.Feature.BookPostTest" file="/home/zoli90/Downloads/tasks/tasks/a/example-app/tests/Feature/BookPostTest.php" line="72" assertions="3" time="0.012623"/>
          <testcase name="testValidation with data set #6" class="Tests\Feature\BookPostTest" classname="Tests.Feature.BookPostTest" file="/home/zoli90/Downloads/tasks/tasks/a/example-app/tests/Feature/BookPostTest.php" line="72" assertions="3" time="0.011639"/>
          <testcase name="testValidation with data set #7" class="Tests\Feature\BookPostTest" classname="Tests.Feature.BookPostTest" file="/home/zoli90/Downloads/tasks/tasks/a/example-app/tests/Feature/BookPostTest.php" line="72" assertions="3" time="0.012154"/>
          <testcase name="testValidation with data set #8" class="Tests\Feature\BookPostTest" classname="Tests.Feature.BookPostTest" file="/home/zoli90/Downloads/tasks/tasks/a/example-app/tests/Feature/BookPostTest.php" line="72" assertions="3" time="0.011450"/>
          <testcase name="testValidation with data set #9" class="Tests\Feature\BookPostTest" classname="Tests.Feature.BookPostTest" file="/home/zoli90/Downloads/tasks/tasks/a/example-app/tests/Feature/BookPostTest.php" line="72" assertions="3" time="0.011968"/>
          <testcase name="testValidation with data set #10" class="Tests\Feature\BookPostTest" classname="Tests.Feature.BookPostTest" file="/home/zoli90/Downloads/tasks/tasks/a/example-app/tests/Feature/BookPostTest.php" line="72" assertions="3" time="0.012001"/>
          <testcase name="testValidation with data set #11" class="Tests\Feature\BookPostTest" classname="Tests.Feature.BookPostTest" file="/home/zoli90/Downloads/tasks/tasks/a/example-app/tests/Feature/BookPostTest.php" line="72" assertions="3" time="0.012456"/>
          <testcase name="testValidation with data set #12" class="Tests\Feature\BookPostTest" classname="Tests.Feature.BookPostTest" file="/home/zoli90/Downloads/tasks/tasks/a/example-app/tests/Feature/BookPostTest.php" line="72" assertions="3" time="0.012290"/>
          <testcase name="testValidation with data set #13" class="Tests\Feature\BookPostTest" classname="Tests.Feature.BookPostTest" file="/home/zoli90/Downloads/tasks/tasks/a/example-app/tests/Feature/BookPostTest.php" line="72" assertions="3" time="0.011917"/>
          <testcase name="testValidation with data set #14" class="Tests\Feature\BookPostTest" classname="Tests.Feature.BookPostTest" file="/home/zoli90/Downloads/tasks/tasks/a/example-app/tests/Feature/BookPostTest.php" line="72" assertions="3" time="0.011898"/>
          <testcase name="testValidation with data set #15" class="Tests\Feature\BookPostTest" classname="Tests.Feature.BookPostTest" file="/home/zoli90/Downloads/tasks/tasks/a/example-app/tests/Feature/BookPostTest.php" line="72" assertions="3" time="0.011032"/>
          <testcase name="testValidation with data set #16" class="Tests\Feature\BookPostTest" classname="Tests.Feature.BookPostTest" file="/home/zoli90/Downloads/tasks/tasks/a/example-app/tests/Feature/BookPostTest.php" line="72" assertions="3" time="0.011218"/>
          <testcase name="testValidation with data set #17" class="Tests\Feature\BookPostTest" classname="Tests.Feature.BookPostTest" file="/home/zoli90/Downloads/tasks/tasks/a/example-app/tests/Feature/BookPostTest.php" line="72" assertions="3" time="0.010815"/>
          <testcase name="testValidation with data set #18" class="Tests\Feature\BookPostTest" classname="Tests.Feature.BookPostTest" file="/home/zoli90/Downloads/tasks/tasks/a/example-app/tests/Feature/BookPostTest.php" line="72" assertions="3" time="0.012044">
            <failure type="PHPUnit\Framework\ExpectationFailedException">Tests\Feature\BookPostTest::testValidation with data set #18 (array(array(999999)), 'authors.0')
Failed to find a validation error in the response for key: 'authors.0'
  
  Response has the following JSON validation errors:
  
  {
      "authors": [
          "The selected authors is invalid."
      ]
  }
  
  Failed asserting that an array has the key 'authors.0'.

/home/zoli90/Downloads/tasks/tasks/a/example-app/vendor/laravel/framework/src/Illuminate/Testing/TestResponse.php:887
/home/zoli90/Downloads/tasks/tasks/a/example-app/vendor/laravel/framework/src/Illuminate/Testing/TestResponse.php:839
/home/zoli90/Downloads/tasks/tasks/a/example-app/tests/Feature/BookPostTest.php:93</failure>
          </testcase>
          <testcase name="testValidation with data set #19" class="Tests\Feature\BookPostTest" classname="Tests.Feature.BookPostTest" file="/home/zoli90/Downloads/tasks/tasks/a/example-app/tests/Feature/BookPostTest.php" line="72" assertions="1" time="0.016031">
            <failure type="PHPUnit\Framework\ExpectationFailedException">Tests\Feature\BookPostTest::testValidation with data set #19 (array(array(array())), 'authors.0')
Expected response status code [422] but received 500.
  Failed asserting that 422 is identical to 500.

/home/zoli90/Downloads/tasks/tasks/a/example-app/vendor/laravel/framework/src/Illuminate/Testing/TestResponse.php:177
/home/zoli90/Downloads/tasks/tasks/a/example-app/tests/Feature/BookPostTest.php:91</failure>
          </testcase>
          <testcase name="testValidation with data set #20" class="Tests\Feature\BookPostTest" classname="Tests.Feature.BookPostTest" file="/home/zoli90/Downloads/tasks/tasks/a/example-app/tests/Feature/BookPostTest.php" line="72" assertions="3" time="0.011407">
            <failure type="PHPUnit\Framework\ExpectationFailedException">Tests\Feature\BookPostTest::testValidation with data set #20 (array(array(null)), 'authors.0')
Failed to find a validation error in the response for key: 'authors.0'
  
  Response has the following JSON validation errors:
  
  {
      "authors": [
          "The selected authors is invalid."
      ]
  }
  
  Failed asserting that an array has the key 'authors.0'.

/home/zoli90/Downloads/tasks/tasks/a/example-app/vendor/laravel/framework/src/Illuminate/Testing/TestResponse.php:887
/home/zoli90/Downloads/tasks/tasks/a/example-app/vendor/laravel/framework/src/Illuminate/Testing/TestResponse.php:839
/home/zoli90/Downloads/tasks/tasks/a/example-app/tests/Feature/BookPostTest.php:93</failure>
          </testcase>
        </testsuite>
      </testsuite>
      <testsuite name="Tests\Feature\BookReviewTest" file="/home/zoli90/Downloads/tasks/tasks/a/example-app/tests/Feature/BookReviewTest.php" tests="11" assertions="29" errors="1" warnings="0" failures="0" skipped="0" time="0.139724">
        <testcase name="testDenyGuestAccess" class="Tests\Feature\BookReviewTest" classname="Tests.Feature.BookReviewTest" file="/home/zoli90/Downloads/tasks/tasks/a/example-app/tests/Feature/BookReviewTest.php" line="14" assertions="1" time="0.009845"/>
        <testcase name="testSuccessfulPost" class="Tests\Feature\BookReviewTest" classname="Tests.Feature.BookReviewTest" file="/home/zoli90/Downloads/tasks/tasks/a/example-app/tests/Feature/BookReviewTest.php" line="26" assertions="1" time="0.021775">
          <error type="ErrorException">Tests\Feature\BookReviewTest::testSuccessfulPost
ErrorException: Trying to get property 'id' of non-object

/home/zoli90/Downloads/tasks/tasks/a/example-app/tests/Feature/BookReviewTest.php:45</error>
        </testcase>
        <testsuite name="Tests\Feature\BookReviewTest::testValidation" tests="9" assertions="27" errors="0" warnings="0" failures="0" skipped="0" time="0.108104">
          <testcase name="testValidation with data set #0" class="Tests\Feature\BookReviewTest" classname="Tests.Feature.BookReviewTest" file="/home/zoli90/Downloads/tasks/tasks/a/example-app/tests/Feature/BookReviewTest.php" line="64" assertions="3" time="0.017252"/>
          <testcase name="testValidation with data set #1" class="Tests\Feature\BookReviewTest" classname="Tests.Feature.BookReviewTest" file="/home/zoli90/Downloads/tasks/tasks/a/example-app/tests/Feature/BookReviewTest.php" line="64" assertions="3" time="0.014141"/>
          <testcase name="testValidation with data set #2" class="Tests\Feature\BookReviewTest" classname="Tests.Feature.BookReviewTest" file="/home/zoli90/Downloads/tasks/tasks/a/example-app/tests/Feature/BookReviewTest.php" line="64" assertions="3" time="0.011967"/>
          <testcase name="testValidation with data set #3" class="Tests\Feature\BookReviewTest" classname="Tests.Feature.BookReviewTest" file="/home/zoli90/Downloads/tasks/tasks/a/example-app/tests/Feature/BookReviewTest.php" line="64" assertions="3" time="0.011181"/>
          <testcase name="testValidation with data set #4" class="Tests\Feature\BookReviewTest" classname="Tests.Feature.BookReviewTest" file="/home/zoli90/Downloads/tasks/tasks/a/example-app/tests/Feature/BookReviewTest.php" line="64" assertions="3" time="0.010792"/>
          <testcase name="testValidation with data set #5" class="Tests\Feature\BookReviewTest" classname="Tests.Feature.BookReviewTest" file="/home/zoli90/Downloads/tasks/tasks/a/example-app/tests/Feature/BookReviewTest.php" line="64" assertions="3" time="0.011565"/>
          <testcase name="testValidation with data set #6" class="Tests\Feature\BookReviewTest" classname="Tests.Feature.BookReviewTest" file="/home/zoli90/Downloads/tasks/tasks/a/example-app/tests/Feature/BookReviewTest.php" line="64" assertions="3" time="0.010545"/>
          <testcase name="testValidation with data set #7" class="Tests\Feature\BookReviewTest" classname="Tests.Feature.BookReviewTest" file="/home/zoli90/Downloads/tasks/tasks/a/example-app/tests/Feature/BookReviewTest.php" line="64" assertions="3" time="0.010127"/>
          <testcase name="testValidation with data set #8" class="Tests\Feature\BookReviewTest" classname="Tests.Feature.BookReviewTest" file="/home/zoli90/Downloads/tasks/tasks/a/example-app/tests/Feature/BookReviewTest.php" line="64" assertions="3" time="0.010534"/>
        </testsuite>
      </testsuite>
    </testsuite>
  </testsuite>
</testsuites>
